
[Mon Jan 28 15:09:03.225213 2019] [mpm_prefork:notice] [pid 803] AH00163: Apache/2.4.29 (Ubuntu) configured -- resuming normal operations
[Mon Jan 28 15:09:03.225602 2019] [core:notice] [pid 803] AH00094: Command line: '/usr/sbin/apache2'
[Mon Jan 28 17:00:50.518160 2019] [mpm_prefork:notice] [pid 803] AH00169: caught SIGTERM, shutting down
[Tue Jan 29 08:13:29.705189 2019] [mpm_prefork:notice] [pid 879] AH00163: Apache/2.4.29 (Ubuntu) configured -- resuming normal operations
[Tue Jan 29 08:13:29.705338 2019] [core:notice] [pid 879] AH00094: Command line: '/usr/sbin/apache2'
[Tue Jan 29 09:01:43.009664 2019] [php7:error] [pid 887] [client ::1:35430] PHP Fatal error:  Interface 'Resizeable' not found in /var/www/html/session6/module2_ss6_resizeable/Rectangle.php on line 9, referer: http://localhost/session6/
[Tue Jan 29 09:01:46.144419 2019] [php7:error] [pid 888] [client ::1:35432] PHP Fatal error:  Interface 'Resizeable' not found in /var/www/html/session6/module2_ss6_resizeable/Rectangle.php on line 9, referer: http://localhost/session6/
[Tue Jan 29 09:03:04.041210 2019] [php7:error] [pid 883] [client ::1:35442] PHP Fatal error:  Interface 'Resizeable' not found in /var/www/html/session6/module2_ss6_resizeable/Rectangle.php on line 9, referer: http://localhost/session6/
[Tue Jan 29 09:13:33.951396 2019] [php7:error] [pid 888] [client ::1:35502] PHP Fatal error:  Interface 'Resizeable' not found in /var/www/html/session6/module2_ss6_resizeable/Rectangle.php on line 9, referer: http://localhost/session6/
[Tue Jan 29 09:17:37.499419 2019] [php7:error] [pid 887] [client ::1:35522] PHP Fatal error:  Interface 'Resizeable' not found in /var/www/html/session6/module2_ss6_resizeable/Rectangle.php on line 9, referer: http://localhost/session6/
[Tue Jan 29 11:37:26.281253 2019] [mpm_prefork:notice] [pid 879] AH00169: caught SIGTERM, shutting down
[Tue Jan 29 11:37:52.168677 2019] [mpm_prefork:notice] [pid 845] AH00163: Apache/2.4.29 (Ubuntu) configured -- resuming normal operations
[Tue Jan 29 11:37:52.168807 2019] [core:notice] [pid 845] AH00094: Command line: '/usr/sbin/apache2'
[Tue Jan 29 13:57:52.686010 2019] [php7:error] [pid 848] [client ::1:40076] PHP Fatal error:  Interface 'Resizeable' not found in /var/www/html/session6/module2_ss6_resizeable/Rectangle.php on line 9, referer: http://localhost/session6/
[Tue Jan 29 14:36:49.888190 2019] [php7:error] [pid 849] [client ::1:40122] PHP Fatal error:  Interface 'Resizeable' not found in /var/www/html/session6/module2_ss6_resizeable/Rectangle.php on line 9, referer: http://localhost/session6/module2_ss6_resizeable/
[Tue Jan 29 14:36:55.154723 2019] [php7:error] [pid 846] [client ::1:40124] PHP Fatal error:  Interface 'Resizeable' not found in /var/www/html/session6/module2_ss6_resizeable/Rectangle.php on line 9, referer: http://localhost/session6/module2_ss6_resizeable/
[Tue Jan 29 14:36:57.067172 2019] [php7:error] [pid 848] [client ::1:40126] PHP Fatal error:  Interface 'Resizeable' not found in /var/www/html/session6/module2_ss6_resizeable/Rectangle.php on line 9, referer: http://localhost/session6/module2_ss6_resizeable/
[Tue Jan 29 14:37:01.276293 2019] [php7:error] [pid 16105] [client ::1:40128] PHP Fatal error:  Interface 'Resizeable' not found in /var/www/html/session6/module2_ss6_resizeable/Rectangle.php on line 9, referer: http://localhost/session6/module2_ss6_resizeable/
[Tue Jan 29 14:37:08.288226 2019] [php7:error] [pid 847] [client ::1:40130] PHP Fatal error:  Interface 'Resizeable' not found in /var/www/html/session6/module2_ss6_resizeable/Rectangle.php on line 9, referer: http://localhost/session6/module2_ss6_resizeable/
[Tue Jan 29 14:37:10.876356 2019] [php7:error] [pid 850] [client ::1:40132] PHP Fatal error:  Interface 'Resizeable' not found in /var/www/html/session6/module2_ss6_resizeable/Rectangle.php on line 9, referer: http://localhost/session6/module2_ss6_resizeable/
[Tue Jan 29 14:40:21.973563 2019] [php7:error] [pid 846] [client ::1:40140] PHP Fatal error:  Interface 'Resizeable' not found in /var/www/html/session6/module2_ss6_resizeable/Rectangle.php on line 9, referer: http://localhost/session6/
[Tue Jan 29 14:40:22.257903 2019] [php7:error] [pid 848] [client ::1:40142] PHP Fatal error:  Interface 'Resizeable' not found in /var/www/html/session6/module2_ss6_resizeable/Rectangle.php on line 9, referer: http://localhost/session6/
[Tue Jan 29 14:40:30.607724 2019] [php7:error] [pid 16105] [client ::1:40144] PHP Fatal error:  Interface 'Resizeable' not found in /var/www/html/session6/module2_ss6_resizeable/Rectangle.php on line 9, referer: http://localhost/session6/
[Tue Jan 29 14:40:38.677260 2019] [php7:error] [pid 850] [client ::1:40148] PHP Fatal error:  Interface 'Resizeable' not found in /var/www/html/session6/module2_ss6_resizeable/Rectangle.php on line 9, referer: http://localhost/session6/
[Tue Jan 29 14:42:59.057629 2019] [php7:error] [pid 846] [client ::1:40202] PHP Fatal error:  Interface 'Resizeable' not found in /var/www/html/session6/module2_ss6_resizeable/Rectangle.php on line 9, referer: http://localhost/session6/
[Tue Jan 29 14:43:57.360422 2019] [php7:error] [pid 847] [client ::1:40218] PHP Fatal error:  Interface 'Resizeable' not found in /var/www/html/session6/module2_ss6_resizeable/Rectangle.php on line 9, referer: http://localhost/session6/
[Tue Jan 29 14:43:59.468388 2019] [php7:error] [pid 850] [client ::1:40220] PHP Fatal error:  Interface 'Resizeable' not found in /var/www/html/session6/module2_ss6_resizeable/Rectangle.php on line 9, referer: http://localhost/session6/
[Tue Jan 29 14:44:42.050722 2019] [php7:error] [pid 846] [client ::1:40238] PHP Fatal error:  Interface 'Resizeable' not found in /var/www/html/session6/module2_ss6_resizeable/Rectangle.php on line 9, referer: http://localhost/session6/
[Tue Jan 29 14:44:48.292135 2019] [php7:error] [pid 848] [client ::1:40240] PHP Fatal error:  Interface 'Resizeable' not found in /var/www/html/session6/module2_ss6_resizeable/Rectangle.php on line 9, referer: http://localhost/session6/
[Tue Jan 29 14:44:54.615482 2019] [php7:error] [pid 16105] [client ::1:40242] PHP Fatal error:  Interface 'Resizeable' not found in /var/www/html/session6/module2_ss6_resizeable/Rectangle.php on line 9, referer: http://localhost/session6/
[Tue Jan 29 16:25:12.798048 2019] [php7:error] [pid 850] [client ::1:41626] PHP Fatal error:  Class 'PHPUnit\\Framework\\TestCase' not found in /var/www/html/session7/module2_ss7_refactoring_doi_ten_bien_tach_hang/php-cleancode-refactoring-renaming/tests/CalculatorTest.php on line 12, referer: http://localhost/session7/module2_ss7_refactoring_doi_ten_bien_tach_hang/php-cleancode-refactoring-renaming/tests/
[Tue Jan 29 16:25:19.618503 2019] [php7:error] [pid 846] [client ::1:41630] PHP Fatal error:  Class 'PHPUnit\\Framework\\TestCase' not found in /var/www/html/session7/module2_ss7_refactoring_doi_ten_bien_tach_hang/php-cleancode-refactoring-renaming/tests/CalculatorTest.php on line 12, referer: http://localhost/session7/module2_ss7_refactoring_doi_ten_bien_tach_hang/php-cleancode-refactoring-renaming/tests/
[Tue Jan 29 17:12:45.061580 2019] [mpm_prefork:notice] [pid 845] AH00169: caught SIGTERM, shutting down
[Thu Jan 31 08:03:49.257324 2019] [mpm_prefork:notice] [pid 901] AH00163: Apache/2.4.29 (Ubuntu) configured -- resuming normal operations
[Thu Jan 31 08:03:49.257468 2019] [core:notice] [pid 901] AH00094: Command line: '/usr/sbin/apache2'
[Thu Jan 31 09:18:11.793582 2019] [mpm_prefork:notice] [pid 901] AH00171: Graceful restart requested, doing restart
AH00558: apache2: Could not reliably determine the server's fully qualified domain name, using 127.0.1.1. Set the 'ServerName' directive globally to suppress this message
[Thu Jan 31 09:18:11.819434 2019] [mpm_prefork:notice] [pid 901] AH00163: Apache/2.4.29 (Ubuntu) configured -- resuming normal operations
[Thu Jan 31 09:18:11.819452 2019] [core:notice] [pid 901] AH00094: Command line: '/usr/sbin/apache2'
[Thu Jan 31 09:20:07.111554 2019] [mpm_prefork:notice] [pid 901] AH00169: caught SIGTERM, shutting down
[Thu Jan 31 09:20:07.214768 2019] [mpm_prefork:notice] [pid 672] AH00163: Apache/2.4.29 (Ubuntu) configured -- resuming normal operations
[Thu Jan 31 09:20:07.214834 2019] [core:notice] [pid 672] AH00094: Command line: '/usr/sbin/apache2'
[Thu Jan 31 14:40:46.531321 2019] [php7:error] [pid 683] [client ::1:37400] PHP Fatal error:  Class 'PHPUnit\\Framework\\TestCase' not found in /var/www/html/session7/module2_ss7_refactoring_doi_ten_bien_tach_hang/php-cleancode-refactoring-renaming/tests/CalculatorTest.php on line 12, referer: http://localhost/session7/module2_ss7_refactoring_doi_ten_bien_tach_hang/php-cleancode-refactoring-renaming/tests/
[Thu Jan 31 14:40:48.776629 2019] [php7:error] [pid 682] [client ::1:37402] PHP Fatal error:  Class 'PHPUnit\\Framework\\TestCase' not found in /var/www/html/session7/module2_ss7_refactoring_doi_ten_bien_tach_hang/php-cleancode-refactoring-renaming/tests/CalculatorTest.php on line 12, referer: http://localhost/session7/module2_ss7_refactoring_doi_ten_bien_tach_hang/php-cleancode-refactoring-renaming/tests/
[Thu Jan 31 14:43:47.185704 2019] [php7:error] [pid 1966] [client ::1:37430] PHP Fatal error:  Class 'PHPUnit\\Framework\\TestCase' not found in /var/www/html/session7/module2_ss7_refactoring_doi_ten_bien_tach_hang/php-cleancode-refactoring-renaming/tests/CalculatorTest.php on line 12, referer: http://localhost/session7/module2_ss7_refactoring_doi_ten_bien_tach_hang/php-cleancode-refactoring-renaming/tests/
[Thu Jan 31 14:43:48.861842 2019] [php7:error] [pid 690] [client ::1:37432] PHP Fatal error:  Class 'PHPUnit\\Framework\\TestCase' not found in /var/www/html/session7/module2_ss7_refactoring_doi_ten_bien_tach_hang/php-cleancode-refactoring-renaming/tests/CalculatorTest.php on line 12, referer: http://localhost/session7/module2_ss7_refactoring_doi_ten_bien_tach_hang/php-cleancode-refactoring-renaming/tests/
[Thu Jan 31 14:45:25.472856 2019] [php7:error] [pid 23423] [client ::1:37452] PHP Fatal error:  Class 'PHPUnit\\Framework\\TestCase' not found in /var/www/html/session7/module2_ss7_refactoring_doi_ten_bien_tach_hang/php-cleancode-refactoring-renaming/tests/CalculatorTest.php on line 13, referer: http://localhost/session7/module2_ss7_refactoring_doi_ten_bien_tach_hang/php-cleancode-refactoring-renaming/tests/
[Thu Jan 31 14:45:27.106411 2019] [php7:error] [pid 674] [client ::1:37454] PHP Fatal error:  Class 'PHPUnit\\Framework\\TestCase' not found in /var/www/html/session7/module2_ss7_refactoring_doi_ten_bien_tach_hang/php-cleancode-refactoring-renaming/tests/CalculatorTest.php on line 13, referer: http://localhost/session7/module2_ss7_refactoring_doi_ten_bien_tach_hang/php-cleancode-refactoring-renaming/tests/
[Thu Jan 31 14:45:43.055737 2019] [php7:error] [pid 676] [client ::1:37456] PHP Fatal error:  Class 'PHPUnit\\Framework\\TestCase' not found in /var/www/html/session7/module2_ss7_refactoring_doi_ten_bien_tach_hang/php-cleancode-refactoring-renaming/tests/CalculatorTest.php on line 13, referer: http://localhost/session7/module2_ss7_refactoring_doi_ten_bien_tach_hang/php-cleancode-refactoring-renaming/tests/
[Thu Jan 31 14:45:44.567178 2019] [php7:error] [pid 690] [client ::1:37462] PHP Fatal error:  Class 'PHPUnit\\Framework\\TestCase' not found in /var/www/html/session7/module2_ss7_refactoring_doi_ten_bien_tach_hang/php-cleancode-refactoring-renaming/tests/CalculatorTest.php on line 13, referer: http://localhost/session7/module2_ss7_refactoring_doi_ten_bien_tach_hang/php-cleancode-refactoring-renaming/tests/
[Thu Jan 31 14:45:45.142521 2019] [php7:error] [pid 683] [client ::1:37464] PHP Fatal error:  Class 'PHPUnit\\Framework\\TestCase' not found in /var/www/html/session7/module2_ss7_refactoring_doi_ten_bien_tach_hang/php-cleancode-refactoring-renaming/tests/CalculatorTest.php on line 13, referer: http://localhost/session7/module2_ss7_refactoring_doi_ten_bien_tach_hang/php-cleancode-refactoring-renaming/tests/
[Thu Jan 31 14:45:45.453416 2019] [php7:error] [pid 682] [client ::1:37466] PHP Fatal error:  Class 'PHPUnit\\Framework\\TestCase' not found in /var/www/html/session7/module2_ss7_refactoring_doi_ten_bien_tach_hang/php-cleancode-refactoring-renaming/tests/CalculatorTest.php on line 13, referer: http://localhost/session7/module2_ss7_refactoring_doi_ten_bien_tach_hang/php-cleancode-refactoring-renaming/tests/
[Thu Jan 31 14:46:32.340308 2019] [php7:error] [pid 1966] [client ::1:37474] PHP Fatal error:  Class 'PHPUnit\\Framework\\TestCase' not found in /var/www/html/session7/module2_ss7_refactoring_doi_ten_bien_tach_hang/php-cleancode-refactoring-renaming/tests/CalculatorTest.php on line 7, referer: http://localhost/session7/module2_ss7_refactoring_doi_ten_bien_tach_hang/php-cleancode-refactoring-renaming/tests/
[Thu Jan 31 14:46:38.143190 2019] [php7:error] [pid 676] [client ::1:37476] PHP Fatal error:  Class 'PHPUnit\\Framework\\TestCase' not found in /var/www/html/session7/module2_ss7_refactoring_doi_ten_bien_tach_hang/php-cleancode-refactoring-renaming/tests/CalculatorTest.php on line 7, referer: http://localhost/session7/module2_ss7_refactoring_doi_ten_bien_tach_hang/php-cleancode-refactoring-renaming/tests/
[Thu Jan 31 14:49:26.878981 2019] [php7:error] [pid 682] [client ::1:37520] PHP Fatal error:  Class 'PHPUnit\\Framework\\TestCase' not found in /var/www/html/session7/module2_ss7_refactoring_doi_ten_bien_tach_hang/php-cleancode-refactoring-renaming/tests/CalculatorTest.php on line 7, referer: http://localhost/session7/module2_ss7_refactoring_doi_ten_bien_tach_hang/php-cleancode-refactoring-renaming/tests/
[Thu Jan 31 15:02:42.308440 2019] [php7:error] [pid 1966] [client ::1:37700] PHP Fatal error:  Class 'PHPUnit\\Framework\\TestCase' not found in /var/www/html/session7/module2_ss7_refactoring_tach_bien/php-cleancode-refactoring-variable-extraction/FizzBuzzTest.php on line 12, referer: http://localhost/session7/module2_ss7_refactoring_tach_bien/php-cleancode-refactoring-variable-extraction/
[Thu Jan 31 15:25:36.442590 2019] [php7:error] [pid 682] [client ::1:37958] PHP Fatal error:  Class 'PHPUnit\\Framework\\TestCase' not found in /var/www/html/session7/module2_ss7_refactoring_tach_phuong_thuc/php-cleancode-refactoring-method-extraction/test/CylinderTest.php on line 12, referer: http://localhost/session7/module2_ss7_refactoring_tach_phuong_thuc/php-cleancode-refactoring-method-extraction/test/
[Thu Jan 31 15:32:47.526803 2019] [mpm_prefork:notice] [pid 672] AH00171: Graceful restart requested, doing restart
AH00558: apache2: Could not reliably determine the server's fully qualified domain name, using 127.0.1.1. Set the 'ServerName' directive globally to suppress this message
[Thu Jan 31 15:32:47.571341 2019] [mpm_prefork:notice] [pid 672] AH00163: Apache/2.4.29 (Ubuntu) configured -- resuming normal operations
[Thu Jan 31 15:32:47.571354 2019] [core:notice] [pid 672] AH00094: Command line: '/usr/sbin/apache2'
[Thu Jan 31 15:32:48.549454 2019] [mpm_prefork:notice] [pid 672] AH00171: Graceful restart requested, doing restart
AH00558: apache2: Could not reliably determine the server's fully qualified domain name, using 127.0.1.1. Set the 'ServerName' directive globally to suppress this message
[Thu Jan 31 15:32:48.578259 2019] [mpm_prefork:notice] [pid 672] AH00163: Apache/2.4.29 (Ubuntu) configured -- resuming normal operations
[Thu Jan 31 15:32:48.578276 2019] [core:notice] [pid 672] AH00094: Command line: '/usr/sbin/apache2'
[Thu Jan 31 17:07:50.628676 2019] [mpm_prefork:notice] [pid 672] AH00169: caught SIGTERM, shutting down
[Fri Feb 01 07:56:04.286164 2019] [mpm_prefork:notice] [pid 893] AH00163: Apache/2.4.29 (Ubuntu) configured -- resuming normal operations
[Fri Feb 01 07:56:04.286324 2019] [core:notice] [pid 893] AH00094: Command line: '/usr/sbin/apache2'
[Fri Feb 01 11:04:03.318928 2019] [mpm_prefork:notice] [pid 893] AH00169: caught SIGTERM, shutting down
[Sat Feb 02 14:55:52.154653 2019] [mpm_prefork:notice] [pid 871] AH00163: Apache/2.4.29 (Ubuntu) configured -- resuming normal operations
[Sat Feb 02 14:55:52.155163 2019] [core:notice] [pid 871] AH00094: Command line: '/usr/sbin/apache2'
[Sat Feb 02 15:03:52.298543 2019] [mpm_prefork:notice] [pid 871] AH00169: caught SIGTERM, shutting down
[Sat Feb 02 15:19:46.135145 2019] [mpm_prefork:notice] [pid 868] AH00163: Apache/2.4.29 (Ubuntu) configured -- resuming normal operations
[Sat Feb 02 15:19:46.136082 2019] [core:notice] [pid 868] AH00094: Command line: '/usr/sbin/apache2'
[Sat Feb 02 15:24:33.669801 2019] [mpm_prefork:notice] [pid 781] AH00163: Apache/2.4.29 (Ubuntu) configured -- resuming normal operations
[Sat Feb 02 15:24:33.670095 2019] [core:notice] [pid 781] AH00094: Command line: '/usr/sbin/apache2'
[Sun Feb 03 16:15:38.308608 2019] [mpm_prefork:notice] [pid 781] AH00169: caught SIGTERM, shutting down
[Sun Feb 03 16:16:03.982902 2019] [mpm_prefork:notice] [pid 840] AH00163: Apache/2.4.29 (Ubuntu) configured -- resuming normal operations
[Sun Feb 03 16:16:03.989387 2019] [core:notice] [pid 840] AH00094: Command line: '/usr/sbin/apache2'
[Sun Feb 03 16:16:49.201860 2019] [mpm_prefork:notice] [pid 840] AH00169: caught SIGTERM, shutting down
[Sun Feb 03 16:30:07.914677 2019] [mpm_prefork:notice] [pid 854] AH00163: Apache/2.4.29 (Ubuntu) configured -- resuming normal operations
[Sun Feb 03 16:30:07.914917 2019] [core:notice] [pid 854] AH00094: Command line: '/usr/sbin/apache2'
[Sun Feb 03 16:16:56.169349 2019] [mpm_prefork:notice] [pid 822] AH00163: Apache/2.4.29 (Ubuntu) configured -- resuming normal operations
[Sun Feb 03 16:16:56.172301 2019] [core:notice] [pid 822] AH00094: Command line: '/usr/sbin/apache2'
[Wed Feb 06 21:49:02.483566 2019] [mpm_prefork:notice] [pid 822] AH00169: caught SIGTERM, shutting down
[Wed Feb 06 21:49:06.552865 2019] [mpm_prefork:notice] [pid 821] AH00163: Apache/2.4.29 (Ubuntu) configured -- resuming normal operations
[Wed Feb 06 21:49:06.556228 2019] [core:notice] [pid 821] AH00094: Command line: '/usr/sbin/apache2'
[Mon Feb 11 11:13:42.226990 2019] [mpm_prefork:notice] [pid 821] AH00169: caught SIGTERM, shutting down
[Mon Feb 11 13:35:38.979292 2019] [mpm_prefork:notice] [pid 909] AH00163: Apache/2.4.29 (Ubuntu) configured -- resuming normal operations
[Mon Feb 11 13:35:38.979525 2019] [core:notice] [pid 909] AH00094: Command line: '/usr/sbin/apache2'
[Mon Feb 11 17:32:52.484429 2019] [mpm_prefork:notice] [pid 909] AH00169: caught SIGTERM, shutting down
[Tue Feb 12 08:01:31.034007 2019] [mpm_prefork:notice] [pid 876] AH00163: Apache/2.4.29 (Ubuntu) configured -- resuming normal operations
[Tue Feb 12 08:01:31.034571 2019] [core:notice] [pid 876] AH00094: Command line: '/usr/sbin/apache2'
[Tue Feb 12 11:19:08.615570 2019] [mpm_prefork:notice] [pid 876] AH00169: caught SIGTERM, shutting down
[Tue Feb 12 11:19:35.083496 2019] [mpm_prefork:notice] [pid 828] AH00163: Apache/2.4.29 (Ubuntu) configured -- resuming normal operations
[Tue Feb 12 11:19:35.085722 2019] [core:notice] [pid 828] AH00094: Command line: '/usr/sbin/apache2'
[Tue Feb 12 17:20:29.238536 2019] [mpm_prefork:notice] [pid 828] AH00169: caught SIGTERM, shutting down
[Thu Feb 14 07:59:15.188128 2019] [mpm_prefork:notice] [pid 880] AH00163: Apache/2.4.29 (Ubuntu) configured -- resuming normal operations
[Thu Feb 14 07:59:15.193827 2019] [core:notice] [pid 880] AH00094: Command line: '/usr/sbin/apache2'
[Thu Feb 14 09:09:38.879229 2019] [php7:error] [pid 2649] [client ::1:59452] PHP Fatal error:  Class 'Illuminate\\Foundation\\Testing\\TestCase' not found in /var/www/html/greeting/tests/TestCase.php on line 7, referer: http://localhost/greeting/tests/
[Thu Feb 14 09:09:55.989487 2019] [php7:error] [pid 887] [client ::1:59464] PHP Fatal error:  Uncaught Error: Class 'Route' not found in /var/www/html/greeting/routes/web.php:14\nStack trace:\n#0 {main}\n  thrown in /var/www/html/greeting/routes/web.php on line 14, referer: http://localhost/greeting/routes/
[Thu Feb 14 09:09:58.795415 2019] [php7:error] [pid 883] [client ::1:59466] PHP Fatal error:  Uncaught Error: Class 'Artisan' not found in /var/www/html/greeting/routes/console.php:16\nStack trace:\n#0 {main}\n  thrown in /var/www/html/greeting/routes/console.php on line 16, referer: http://localhost/greeting/routes/
[Thu Feb 14 09:10:01.039764 2019] [php7:error] [pid 2628] [client ::1:59468] PHP Fatal error:  Uncaught Error: Class 'Broadcast' not found in /var/www/html/greeting/routes/channels.php:14\nStack trace:\n#0 {main}\n  thrown in /var/www/html/greeting/routes/channels.php on line 14, referer: http://localhost/greeting/routes/
[Thu Feb 14 17:10:33.045470 2019] [mpm_prefork:notice] [pid 880] AH00169: caught SIGTERM, shutting down
[Fri Feb 15 08:02:38.036977 2019] [mpm_prefork:notice] [pid 889] AH00163: Apache/2.4.29 (Ubuntu) configured -- resuming normal operations
[Fri Feb 15 08:02:38.037245 2019] [core:notice] [pid 889] AH00094: Command line: '/usr/sbin/apache2'
[Fri Feb 15 17:10:33.428212 2019] [mpm_prefork:notice] [pid 889] AH00169: caught SIGTERM, shutting down
[Fri Feb 15 17:11:44.861765 2019] [mpm_prefork:notice] [pid 842] AH00163: Apache/2.4.29 (Ubuntu) configured -- resuming normal operations
[Fri Feb 15 17:11:44.862037 2019] [core:notice] [pid 842] AH00094: Command line: '/usr/sbin/apache2'
[Fri Feb 15 17:10:37.493400 2019] [mpm_prefork:notice] [pid 805] AH00163: Apache/2.4.29 (Ubuntu) configured -- resuming normal operations
[Fri Feb 15 17:10:37.494845 2019] [core:notice] [pid 805] AH00094: Command line: '/usr/sbin/apache2'
[Fri Feb 22 09:29:54.224155 2019] [mpm_prefork:notice] [pid 805] AH00169: caught SIGTERM, shutting down
[Fri Feb 22 11:05:36.080950 2019] [mpm_prefork:notice] [pid 905] AH00163: Apache/2.4.29 (Ubuntu) configured -- resuming normal operations
[Fri Feb 22 11:05:36.081200 2019] [core:notice] [pid 905] AH00094: Command line: '/usr/sbin/apache2'
[Fri Feb 22 17:40:41.670659 2019] [mpm_prefork:notice] [pid 905] AH00169: caught SIGTERM, shutting down
[Mon Feb 25 08:02:06.211295 2019] [mpm_prefork:notice] [pid 912] AH00163: Apache/2.4.29 (Ubuntu) configured -- resuming normal operations
[Mon Feb 25 08:02:06.212923 2019] [core:notice] [pid 912] AH00094: Command line: '/usr/sbin/apache2'
[Mon Feb 25 19:36:40.937586 2019] [php7:warn] [pid 925] [client ::1:53258] PHP Warning:  require(model/DBconnection.php): failed to open stream: No such file or directory in /var/www/html/laravel/ung-dung-quan-ly-khach-hang/index.php on line 2, referer: http://localhost/laravel/
[Mon Feb 25 19:36:40.948188 2019] [php7:error] [pid 925] [client ::1:53258] PHP Fatal error:  require(): Failed opening required 'model/DBconnection.php' (include_path='.:/usr/share/php') in /var/www/html/laravel/ung-dung-quan-ly-khach-hang/index.php on line 2, referer: http://localhost/laravel/
[Mon Feb 25 19:42:24.070613 2019] [php7:warn] [pid 20358] [client ::1:53298] PHP Warning:  require(model/DBconnection.php): failed to open stream: No such file or directory in /var/www/html/laravel/ung-dung-quan-ly-khach-hang/index.php on line 2, referer: http://localhost/laravel/
[Mon Feb 25 19:42:24.070731 2019] [php7:error] [pid 20358] [client ::1:53298] PHP Fatal error:  require(): Failed opening required 'model/DBconnection.php' (include_path='.:/usr/share/php') in /var/www/html/laravel/ung-dung-quan-ly-khach-hang/index.php on line 2, referer: http://localhost/laravel/
[Mon Feb 25 19:42:25.405926 2019] [php7:warn] [pid 23356] [client ::1:53300] PHP Warning:  require(model/DBconnection.php): failed to open stream: No such file or directory in /var/www/html/laravel/ung-dung-quan-ly-khach-hang/index.php on line 2, referer: http://localhost/laravel/
[Mon Feb 25 19:42:25.406033 2019] [php7:error] [pid 23356] [client ::1:53300] PHP Fatal error:  require(): Failed opening required 'model/DBconnection.php' (include_path='.:/usr/share/php') in /var/www/html/laravel/ung-dung-quan-ly-khach-hang/index.php on line 2, referer: http://localhost/laravel/
[Mon Feb 25 20:08:51.370795 2019] [mpm_prefork:notice] [pid 912] AH00169: caught SIGTERM, shutting down
[Tue Feb 26 08:02:11.880187 2019] [mpm_prefork:notice] [pid 895] AH00163: Apache/2.4.29 (Ubuntu) configured -- resuming normal operations
[Tue Feb 26 08:02:11.881293 2019] [core:notice] [pid 895] AH00094: Command line: '/usr/sbin/apache2'
[Tue Feb 26 17:41:30.866230 2019] [mpm_prefork:notice] [pid 895] AH00169: caught SIGTERM, shutting down
[Tue Feb 26 20:41:59.010676 2019] [mpm_prefork:notice] [pid 864] AH00163: Apache/2.4.29 (Ubuntu) configured -- resuming normal operations
[Tue Feb 26 20:41:59.010964 2019] [core:notice] [pid 864] AH00094: Command line: '/usr/sbin/apache2'
[Tue Feb 26 21:42:38.668660 2019] [mpm_prefork:notice] [pid 864] AH00169: caught SIGTERM, shutting down
[Wed Feb 27 08:06:55.952691 2019] [mpm_prefork:notice] [pid 907] AH00163: Apache/2.4.29 (Ubuntu) configured -- resuming normal operations
[Wed Feb 27 08:06:55.954093 2019] [core:notice] [pid 907] AH00094: Command line: '/usr/sbin/apache2'
[Wed Feb 27 09:29:47.255918 2019] [mpm_prefork:notice] [pid 907] AH00169: caught SIGTERM, shutting down
[Wed Feb 27 11:17:34.241043 2019] [mpm_prefork:notice] [pid 908] AH00163: Apache/2.4.29 (Ubuntu) configured -- resuming normal operations
[Wed Feb 27 11:17:34.243927 2019] [core:notice] [pid 908] AH00094: Command line: '/usr/sbin/apache2'
[Wed Feb 27 18:15:34.160810 2019] [mpm_prefork:notice] [pid 908] AH00169: caught SIGTERM, shutting down
[Wed Feb 27 21:14:22.172116 2019] [mpm_prefork:notice] [pid 908] AH00163: Apache/2.4.29 (Ubuntu) configured -- resuming normal operations
[Wed Feb 27 21:14:22.172991 2019] [core:notice] [pid 908] AH00094: Command line: '/usr/sbin/apache2'
[Thu Feb 28 00:21:54.666767 2019] [mpm_prefork:notice] [pid 908] AH00169: caught SIGTERM, shutting down
[Thu Feb 28 14:00:15.925029 2019] [mpm_prefork:notice] [pid 902] AH00163: Apache/2.4.29 (Ubuntu) configured -- resuming normal operations
[Thu Feb 28 14:00:15.925921 2019] [core:notice] [pid 902] AH00094: Command line: '/usr/sbin/apache2'
[Thu Feb 28 17:34:49.859944 2019] [mpm_prefork:notice] [pid 902] AH00169: caught SIGTERM, shutting down
[Thu Feb 28 17:35:16.353501 2019] [mpm_prefork:notice] [pid 885] AH00163: Apache/2.4.29 (Ubuntu) configured -- resuming normal operations
[Thu Feb 28 17:35:16.353705 2019] [core:notice] [pid 885] AH00094: Command line: '/usr/sbin/apache2'
[Thu Feb 28 17:35:33.753866 2019] [mpm_prefork:notice] [pid 885] AH00169: caught SIGTERM, shutting down
[Fri Mar 01 13:33:44.112024 2019] [mpm_prefork:notice] [pid 901] AH00163: Apache/2.4.29 (Ubuntu) configured -- resuming normal operations
[Fri Mar 01 13:33:44.114246 2019] [core:notice] [pid 901] AH00094: Command line: '/usr/sbin/apache2'
[Fri Mar 01 17:34:09.999243 2019] [mpm_prefork:notice] [pid 901] AH00169: caught SIGTERM, shutting down
[Sun Mar 03 19:41:05.059969 2019] [mpm_prefork:notice] [pid 939] AH00163: Apache/2.4.29 (Ubuntu) configured -- resuming normal operations
[Sun Mar 03 19:41:05.060332 2019] [core:notice] [pid 939] AH00094: Command line: '/usr/sbin/apache2'
[Sun Mar 03 20:06:20.939221 2019] [mpm_prefork:notice] [pid 939] AH00169: caught SIGTERM, shutting down
[Mon Mar 04 08:07:29.093433 2019] [mpm_prefork:notice] [pid 934] AH00163: Apache/2.4.29 (Ubuntu) configured -- resuming normal operations
[Mon Mar 04 08:07:29.095893 2019] [core:notice] [pid 934] AH00094: Command line: '/usr/sbin/apache2'
[Mon Mar 04 13:29:27.184860 2019] [mpm_prefork:notice] [pid 897] AH00163: Apache/2.4.29 (Ubuntu) configured -- resuming normal operations
[Mon Mar 04 13:29:27.185115 2019] [core:notice] [pid 897] AH00094: Command line: '/usr/sbin/apache2'
[Mon Mar 04 16:27:12.477959 2019] [mpm_prefork:notice] [pid 897] AH00169: caught SIGTERM, shutting down
[Mon Mar 04 16:34:40.173294 2019] [mpm_prefork:notice] [pid 894] AH00163: Apache/2.4.29 (Ubuntu) configured -- resuming normal operations
[Mon Mar 04 16:34:40.173979 2019] [core:notice] [pid 894] AH00094: Command line: '/usr/sbin/apache2'
[Mon Mar 04 18:21:49.480675 2019] [mpm_prefork:notice] [pid 894] AH00169: caught SIGTERM, shutting down
[Mon Mar 04 20:57:16.240294 2019] [mpm_prefork:notice] [pid 922] AH00163: Apache/2.4.29 (Ubuntu) configured -- resuming normal operations
[Mon Mar 04 20:57:16.240873 2019] [core:notice] [pid 922] AH00094: Command line: '/usr/sbin/apache2'
[Mon Mar 04 22:14:08.908047 2019] [mpm_prefork:notice] [pid 922] AH00169: caught SIGTERM, shutting down
[Tue Mar 05 07:55:05.022820 2019] [mpm_prefork:notice] [pid 922] AH00163: Apache/2.4.29 (Ubuntu) configured -- resuming normal operations
[Tue Mar 05 07:55:05.025880 2019] [core:notice] [pid 922] AH00094: Command line: '/usr/sbin/apache2'
[Tue Mar 05 09:36:39.125856 2019] [mpm_prefork:notice] [pid 922] AH00169: caught SIGTERM, shutting down
[Tue Mar 05 09:40:15.002097 2019] [mpm_prefork:notice] [pid 917] AH00163: Apache/2.4.29 (Ubuntu) configured -- resuming normal operations
[Tue Mar 05 09:40:15.002332 2019] [core:notice] [pid 917] AH00094: Command line: '/usr/sbin/apache2'
[Tue Mar 05 11:08:36.787273 2019] [mpm_prefork:notice] [pid 917] AH00169: caught SIGTERM, shutting down
[Tue Mar 05 11:22:07.172436 2019] [mpm_prefork:notice] [pid 905] AH00163: Apache/2.4.29 (Ubuntu) configured -- resuming normal operations
[Tue Mar 05 11:22:07.172690 2019] [core:notice] [pid 905] AH00094: Command line: '/usr/sbin/apache2'
[Tue Mar 05 11:42:12.839866 2019] [mpm_prefork:notice] [pid 905] AH00169: caught SIGTERM, shutting down
[Tue Mar 05 13:29:17.018839 2019] [mpm_prefork:notice] [pid 912] AH00163: Apache/2.4.29 (Ubuntu) configured -- resuming normal operations
[Tue Mar 05 13:29:17.019085 2019] [core:notice] [pid 912] AH00094: Command line: '/usr/sbin/apache2'
[Tue Mar 05 18:14:40.910224 2019] [mpm_prefork:notice] [pid 912] AH00169: caught SIGTERM, shutting down
[Wed Mar 06 09:45:04.327447 2019] [mpm_prefork:notice] [pid 928] AH00163: Apache/2.4.29 (Ubuntu) configured -- resuming normal operations
[Wed Mar 06 09:45:04.329579 2019] [core:notice] [pid 928] AH00094: Command line: '/usr/sbin/apache2'
[Wed Mar 06 17:22:15.914530 2019] [mpm_prefork:notice] [pid 928] AH00169: caught SIGTERM, shutting down
[Wed Mar 06 17:24:26.944118 2019] [mpm_prefork:notice] [pid 869] AH00163: Apache/2.4.29 (Ubuntu) configured -- resuming normal operations
[Wed Mar 06 17:24:26.944407 2019] [core:notice] [pid 869] AH00094: Command line: '/usr/sbin/apache2'
[Wed Mar 06 18:32:02.747493 2019] [mpm_prefork:notice] [pid 869] AH00169: caught SIGTERM, shutting down
[Wed Mar 06 19:35:39.098525 2019] [mpm_prefork:notice] [pid 921] AH00163: Apache/2.4.29 (Ubuntu) configured -- resuming normal operations
[Wed Mar 06 19:35:39.099018 2019] [core:notice] [pid 921] AH00094: Command line: '/usr/sbin/apache2'
[Wed Mar 06 22:53:23.856734 2019] [mpm_prefork:notice] [pid 921] AH00169: caught SIGTERM, shutting down
[Thu Mar 07 08:47:27.093388 2019] [mpm_prefork:notice] [pid 943] AH00163: Apache/2.4.29 (Ubuntu) configured -- resuming normal operations
[Thu Mar 07 08:47:27.094085 2019] [core:notice] [pid 943] AH00094: Command line: '/usr/sbin/apache2'
[Thu Mar 07 17:17:29.266075 2019] [mpm_prefork:notice] [pid 943] AH00169: caught SIGTERM, shutting down
[Wed Apr 03 17:47:51.919404 2019] [mpm_prefork:notice] [pid 924] AH00163: Apache/2.4.29 (Ubuntu) configured -- resuming normal operations
[Wed Apr 03 17:47:51.931031 2019] [core:notice] [pid 924] AH00094: Command line: '/usr/sbin/apache2'
[Wed Apr 03 23:45:25.600873 2019] [mpm_prefork:notice] [pid 924] AH00169: caught SIGTERM, shutting down
[Thu Apr 04 10:12:37.146110 2019] [mpm_prefork:notice] [pid 921] AH00163: Apache/2.4.29 (Ubuntu) configured -- resuming normal operations
[Thu Apr 04 10:12:37.146377 2019] [core:notice] [pid 921] AH00094: Command line: '/usr/sbin/apache2'
[Thu Apr 04 11:11:46.014167 2019] [php7:notice] [pid 937] [client ::1:33798] PHP Notice:  Undefined variable: description in /var/www/html/session1/module2_ss1_product_discount_calculator/display_discount.php on line 45, referer: http://localhost/session1/module2_ss1_product_discount_calculator/
[Thu Apr 04 11:11:46.014300 2019] [php7:notice] [pid 937] [client ::1:33798] PHP Notice:  Undefined variable: price in /var/www/html/session1/module2_ss1_product_discount_calculator/display_discount.php on line 47, referer: http://localhost/session1/module2_ss1_product_discount_calculator/
[Thu Apr 04 11:11:46.014333 2019] [php7:notice] [pid 937] [client ::1:33798] PHP Notice:  Undefined variable: discount_percent in /var/www/html/session1/module2_ss1_product_discount_calculator/display_discount.php on line 49, referer: http://localhost/session1/module2_ss1_product_discount_calculator/
[Thu Apr 04 11:11:46.014389 2019] [php7:notice] [pid 937] [client ::1:33798] PHP Notice:  Undefined variable: discount_amount in /var/www/html/session1/module2_ss1_product_discount_calculator/display_discount.php on line 51, referer: http://localhost/session1/module2_ss1_product_discount_calculator/
[Thu Apr 04 11:11:46.014546 2019] [php7:notice] [pid 937] [client ::1:33798] PHP Notice:  Undefined variable: discount_price in /var/www/html/session1/module2_ss1_product_discount_calculator/display_discount.php on line 53, referer: http://localhost/session1/module2_ss1_product_discount_calculator/
[Thu Apr 04 11:11:53.121387 2019] [php7:warn] [pid 2476] [client ::1:33800] PHP Warning:  A non-numeric value encountered in /var/www/html/session1/module2_ss1_product_discount_calculator/display_discount.php on line 37, referer: http://localhost/session1/module2_ss1_product_discount_calculator/productDiscountCalculator.php
[Thu Apr 04 11:11:53.121419 2019] [php7:warn] [pid 2476] [client ::1:33800] PHP Warning:  A non-numeric value encountered in /var/www/html/session1/module2_ss1_product_discount_calculator/display_discount.php on line 37, referer: http://localhost/session1/module2_ss1_product_discount_calculator/productDiscountCalculator.php
[Thu Apr 04 11:11:53.121423 2019] [php7:warn] [pid 2476] [client ::1:33800] PHP Warning:  A non-numeric value encountered in /var/www/html/session1/module2_ss1_product_discount_calculator/display_discount.php on line 38, referer: http://localhost/session1/module2_ss1_product_discount_calculator/productDiscountCalculator.php
[Thu Apr 04 14:42:19.789318 2019] [php7:error] [pid 13403] [client ::1:37282] script '/var/www/html/module2-C0219G1/session1/product-discount-calculator/display_discount.php' not found or unable to stat, referer: http://localhost/module2-C0219G1/session1/product-discount-calculator/productDiscountCalculator.php
[Thu Apr 04 14:49:07.948917 2019] [php7:warn] [pid 13419] [client ::1:40646] PHP Warning:  A non-numeric value encountered in /var/www/html/module2-C0219G1/session1/product-discount-calculator/display.php on line 33, referer: http://localhost/module2-C0219G1/session1/product-discount-calculator/productDiscountCalculator.php
[Thu Apr 04 14:49:07.949261 2019] [php7:warn] [pid 13419] [client ::1:40646] PHP Warning:  A non-numeric value encountered in /var/www/html/module2-C0219G1/session1/product-discount-calculator/display.php on line 33, referer: http://localhost/module2-C0219G1/session1/product-discount-calculator/productDiscountCalculator.php
[Thu Apr 04 14:49:07.949556 2019] [php7:warn] [pid 13419] [client ::1:40646] PHP Warning:  A non-numeric value encountered in /var/www/html/module2-C0219G1/session1/product-discount-calculator/display.php on line 34, referer: http://localhost/module2-C0219G1/session1/product-discount-calculator/productDiscountCalculator.php
[Thu Apr 04 14:49:27.630725 2019] [php7:warn] [pid 937] [client ::1:40822] PHP Warning:  A non-numeric value encountered in /var/www/html/module2-C0219G1/session1/product-discount-calculator/display.php on line 33, referer: http://localhost/module2-C0219G1/session1/product-discount-calculator/productDiscountCalculator.php
[Thu Apr 04 14:49:27.630794 2019] [php7:warn] [pid 937] [client ::1:40822] PHP Warning:  A non-numeric value encountered in /var/www/html/module2-C0219G1/session1/product-discount-calculator/display.php on line 33, referer: http://localhost/module2-C0219G1/session1/product-discount-calculator/productDiscountCalculator.php
[Thu Apr 04 14:49:27.630815 2019] [php7:warn] [pid 937] [client ::1:40822] PHP Warning:  A non-numeric value encountered in /var/www/html/module2-C0219G1/session1/product-discount-calculator/display.php on line 34, referer: http://localhost/module2-C0219G1/session1/product-discount-calculator/productDiscountCalculator.php
[Thu Apr 04 14:51:17.757227 2019] [php7:warn] [pid 936] [client ::1:41696] PHP Warning:  A non-numeric value encountered in /var/www/html/module2-C0219G1/session1/product-discount-calculator/display.php on line 33, referer: http://localhost/module2-C0219G1/session1/product-discount-calculator/productDiscountCalculator.php
[Thu Apr 04 14:51:17.757322 2019] [php7:warn] [pid 936] [client ::1:41696] PHP Warning:  A non-numeric value encountered in /var/www/html/module2-C0219G1/session1/product-discount-calculator/display.php on line 33, referer: http://localhost/module2-C0219G1/session1/product-discount-calculator/productDiscountCalculator.php
[Thu Apr 04 14:51:17.757381 2019] [php7:warn] [pid 936] [client ::1:41696] PHP Warning:  A non-numeric value encountered in /var/www/html/module2-C0219G1/session1/product-discount-calculator/display.php on line 34, referer: http://localhost/module2-C0219G1/session1/product-discount-calculator/productDiscountCalculator.php
[Thu Apr 04 14:52:14.848323 2019] [php7:warn] [pid 934] [client ::1:42174] PHP Warning:  A non-numeric value encountered in /var/www/html/module2-C0219G1/session1/product-discount-calculator/display.php on line 33, referer: http://localhost/module2-C0219G1/session1/product-discount-calculator/productDiscountCalculator.php
[Thu Apr 04 14:52:14.848430 2019] [php7:warn] [pid 934] [client ::1:42174] PHP Warning:  A non-numeric value encountered in /var/www/html/module2-C0219G1/session1/product-discount-calculator/display.php on line 33, referer: http://localhost/module2-C0219G1/session1/product-discount-calculator/productDiscountCalculator.php
[Thu Apr 04 14:52:14.848502 2019] [php7:warn] [pid 934] [client ::1:42174] PHP Warning:  A non-numeric value encountered in /var/www/html/module2-C0219G1/session1/product-discount-calculator/display.php on line 34, referer: http://localhost/module2-C0219G1/session1/product-discount-calculator/productDiscountCalculator.php
[Thu Apr 04 15:16:28.384968 2019] [php7:error] [pid 936] [client ::1:54434] script '/var/www/html/module2-C0219G1/session1/future-value-calculator/displayValue.php' not found or unable to stat, referer: http://localhost/module2-C0219G1/session1/future-value-calculator/futureValueCalculator.php
[Thu Apr 04 15:17:55.890556 2019] [php7:error] [pid 934] [client ::1:55142] script '/var/www/html/module2-C0219G1/session1/future-value-calculator/displayValue.php' not found or unable to stat, referer: http://localhost/module2-C0219G1/session1/future-value-calculator/futureValueCalculator.php
[Thu Apr 04 15:18:01.988956 2019] [php7:error] [pid 934] [client ::1:55142] script '/var/www/html/module2-C0219G1/session1/future-value-calculator/displayValue.php' not found or unable to stat, referer: http://localhost/module2-C0219G1/session1/future-value-calculator/futureValueCalculator.php
[Thu Apr 04 15:18:31.053062 2019] [php7:error] [pid 13403] [client ::1:55372] script '/var/www/html/module2-C0219G1/session1/future-value-calculator/displayValue.php' not found or unable to stat, referer: http://localhost/module2-C0219G1/session1/future-value-calculator/futureValueCalculator.php
[Thu Apr 04 16:42:39.829652 2019] [php7:error] [pid 13403] [client ::1:54336] PHP Fatal error:  Uncaught Error: Call to undefined function Ones() in /var/www/html/module2-C0219G1/session1/doc-so-thanh-chu/index.php:119\nStack trace:\n#0 /var/www/html/module2-C0219G1/session1/doc-so-thanh-chu/index.php(162): Two_digit('121', 1, 2)\n#1 /var/www/html/module2-C0219G1/session1/doc-so-thanh-chu/index.php(175): Two_number('121', 2)\n#2 {main}\n  thrown in /var/www/html/module2-C0219G1/session1/doc-so-thanh-chu/index.php on line 119, referer: http://localhost/module2-C0219G1/session1/doc-so-thanh-chu/
[Thu Apr 04 16:42:53.231596 2019] [php7:error] [pid 937] [client ::1:54340] PHP Fatal error:  Uncaught Error: Call to undefined function Ones() in /var/www/html/module2-C0219G1/session1/doc-so-thanh-chu/index.php:169\nStack trace:\n#0 {main}\n  thrown in /var/www/html/module2-C0219G1/session1/doc-so-thanh-chu/index.php on line 169, referer: http://localhost/module2-C0219G1/session1/doc-so-thanh-chu/
[Thu Apr 04 16:42:54.801522 2019] [php7:error] [pid 936] [client ::1:54342] PHP Fatal error:  Uncaught Error: Call to undefined function Ones() in /var/www/html/module2-C0219G1/session1/doc-so-thanh-chu/index.php:169\nStack trace:\n#0 {main}\n  thrown in /var/www/html/module2-C0219G1/session1/doc-so-thanh-chu/index.php on line 169, referer: http://localhost/module2-C0219G1/session1/doc-so-thanh-chu/
[Thu Apr 04 16:43:02.447974 2019] [php7:error] [pid 2476] [client ::1:54344] PHP Fatal error:  Uncaught Error: Call to undefined function Ones() in /var/www/html/module2-C0219G1/session1/doc-so-thanh-chu/index.php:169\nStack trace:\n#0 {main}\n  thrown in /var/www/html/module2-C0219G1/session1/doc-so-thanh-chu/index.php on line 169, referer: http://localhost/module2-C0219G1/session1/doc-so-thanh-chu/
[Thu Apr 04 16:43:03.937015 2019] [php7:error] [pid 2483] [client ::1:54346] PHP Fatal error:  Uncaught Error: Call to undefined function Ones() in /var/www/html/module2-C0219G1/session1/doc-so-thanh-chu/index.php:169\nStack trace:\n#0 {main}\n  thrown in /var/www/html/module2-C0219G1/session1/doc-so-thanh-chu/index.php on line 169, referer: http://localhost/module2-C0219G1/session1/doc-so-thanh-chu/
[Thu Apr 04 16:43:18.246641 2019] [php7:error] [pid 934] [client ::1:54352] PHP Fatal error:  Uncaught Error: Call to undefined function Ones() in /var/www/html/module2-C0219G1/session1/doc-so-thanh-chu/index.php:169\nStack trace:\n#0 {main}\n  thrown in /var/www/html/module2-C0219G1/session1/doc-so-thanh-chu/index.php on line 169, referer: http://localhost/module2-C0219G1/session1/doc-so-thanh-chu/
[Thu Apr 04 16:43:19.757850 2019] [php7:error] [pid 933] [client ::1:54354] PHP Fatal error:  Uncaught Error: Call to undefined function Ones() in /var/www/html/module2-C0219G1/session1/doc-so-thanh-chu/index.php:169\nStack trace:\n#0 {main}\n  thrown in /var/www/html/module2-C0219G1/session1/doc-so-thanh-chu/index.php on line 169, referer: http://localhost/module2-C0219G1/session1/doc-so-thanh-chu/
[Thu Apr 04 16:43:22.734169 2019] [php7:error] [pid 13419] [client ::1:54356] PHP Fatal error:  Uncaught Error: Call to undefined function Ones() in /var/www/html/module2-C0219G1/session1/doc-so-thanh-chu/index.php:169\nStack trace:\n#0 {main}\n  thrown in /var/www/html/module2-C0219G1/session1/doc-so-thanh-chu/index.php on line 169, referer: http://localhost/module2-C0219G1/session1/doc-so-thanh-chu/
[Thu Apr 04 16:43:39.625641 2019] [php7:error] [pid 937] [client ::1:54368] PHP Fatal error:  Uncaught Error: Call to undefined function Ones() in /var/www/html/module2-C0219G1/session1/doc-so-thanh-chu/index.php:169\nStack trace:\n#0 {main}\n  thrown in /var/www/html/module2-C0219G1/session1/doc-so-thanh-chu/index.php on line 169, referer: http://localhost/module2-C0219G1/session1/doc-so-thanh-chu/
[Thu Apr 04 16:43:41.813644 2019] [php7:error] [pid 936] [client ::1:54370] PHP Fatal error:  Uncaught Error: Call to undefined function Ones() in /var/www/html/module2-C0219G1/session1/doc-so-thanh-chu/index.php:169\nStack trace:\n#0 {main}\n  thrown in /var/www/html/module2-C0219G1/session1/doc-so-thanh-chu/index.php on line 169, referer: http://localhost/module2-C0219G1/session1/doc-so-thanh-chu/
[Thu Apr 04 16:43:45.514321 2019] [php7:error] [pid 2476] [client ::1:54372] PHP Fatal error:  Uncaught Error: Call to undefined function Ones() in /var/www/html/module2-C0219G1/session1/doc-so-thanh-chu/index.php:169\nStack trace:\n#0 {main}\n  thrown in /var/www/html/module2-C0219G1/session1/doc-so-thanh-chu/index.php on line 169, referer: http://localhost/module2-C0219G1/session1/doc-so-thanh-chu/
[Thu Apr 04 16:43:47.241242 2019] [php7:error] [pid 2483] [client ::1:54374] PHP Fatal error:  Uncaught Error: Call to undefined function Ones() in /var/www/html/module2-C0219G1/session1/doc-so-thanh-chu/index.php:169\nStack trace:\n#0 {main}\n  thrown in /var/www/html/module2-C0219G1/session1/doc-so-thanh-chu/index.php on line 169, referer: http://localhost/module2-C0219G1/session1/doc-so-thanh-chu/
[Thu Apr 04 16:43:49.173134 2019] [php7:error] [pid 13420] [client ::1:54376] PHP Fatal error:  Uncaught Error: Call to undefined function Ones() in /var/www/html/module2-C0219G1/session1/doc-so-thanh-chu/index.php:169\nStack trace:\n#0 {main}\n  thrown in /var/www/html/module2-C0219G1/session1/doc-so-thanh-chu/index.php on line 169, referer: http://localhost/module2-C0219G1/session1/doc-so-thanh-chu/
[Thu Apr 04 16:43:54.554174 2019] [php7:error] [pid 934] [client ::1:54378] PHP Fatal error:  Uncaught Error: Call to undefined function Ones() in /var/www/html/module2-C0219G1/session1/doc-so-thanh-chu/index.php:169\nStack trace:\n#0 {main}\n  thrown in /var/www/html/module2-C0219G1/session1/doc-so-thanh-chu/index.php on line 169, referer: http://localhost/module2-C0219G1/session1/doc-so-thanh-chu/
[Thu Apr 04 16:43:55.859994 2019] [php7:error] [pid 933] [client ::1:54380] PHP Fatal error:  Uncaught Error: Call to undefined function Ones() in /var/www/html/module2-C0219G1/session1/doc-so-thanh-chu/index.php:169\nStack trace:\n#0 {main}\n  thrown in /var/www/html/module2-C0219G1/session1/doc-so-thanh-chu/index.php on line 169, referer: http://localhost/module2-C0219G1/session1/doc-so-thanh-chu/
[Thu Apr 04 19:41:43.672033 2019] [mpm_prefork:notice] [pid 921] AH00169: caught SIGTERM, shutting down
[Fri Apr 05 09:45:33.974600 2019] [mpm_prefork:notice] [pid 968] AH00163: Apache/2.4.29 (Ubuntu) configured -- resuming normal operations
[Fri Apr 05 09:45:33.974855 2019] [core:notice] [pid 968] AH00094: Command line: '/usr/sbin/apache2'
[Fri Apr 05 10:15:16.657171 2019] [php7:notice] [pid 973] [client ::1:43902] PHP Notice:  Undefined index: profile in /var/www/html/module2-C0219G1/session2/loc-danh-sach-khach-hang/index.php on line 67, referer: http://localhost/module2-C0219G1/session2/loc-danh-sach-khach-hang/
[Fri Apr 05 10:15:16.657275 2019] [php7:notice] [pid 973] [client ::1:43902] PHP Notice:  Undefined index: profile in /var/www/html/module2-C0219G1/session2/loc-danh-sach-khach-hang/index.php on line 67, referer: http://localhost/module2-C0219G1/session2/loc-danh-sach-khach-hang/
[Fri Apr 05 10:15:16.657305 2019] [php7:notice] [pid 973] [client ::1:43902] PHP Notice:  Undefined index: profile in /var/www/html/module2-C0219G1/session2/loc-danh-sach-khach-hang/index.php on line 67, referer: http://localhost/module2-C0219G1/session2/loc-danh-sach-khach-hang/
[Fri Apr 05 10:15:16.657328 2019] [php7:notice] [pid 973] [client ::1:43902] PHP Notice:  Undefined index: profile in /var/www/html/module2-C0219G1/session2/loc-danh-sach-khach-hang/index.php on line 67, referer: http://localhost/module2-C0219G1/session2/loc-danh-sach-khach-hang/
[Fri Apr 05 10:15:16.657350 2019] [php7:notice] [pid 973] [client ::1:43902] PHP Notice:  Undefined index: profile in /var/www/html/module2-C0219G1/session2/loc-danh-sach-khach-hang/index.php on line 67, referer: http://localhost/module2-C0219G1/session2/loc-danh-sach-khach-hang/
[Fri Apr 05 10:18:50.505187 2019] [php7:notice] [pid 974] [client ::1:43966] PHP Notice:  Undefined index: profile in /var/www/html/module2-C0219G1/session2/loc-danh-sach-khach-hang/index.php on line 68, referer: http://localhost/module2-C0219G1/session2/
[Fri Apr 05 10:18:50.505285 2019] [php7:notice] [pid 974] [client ::1:43966] PHP Notice:  Undefined index: profile in /var/www/html/module2-C0219G1/session2/loc-danh-sach-khach-hang/index.php on line 68, referer: http://localhost/module2-C0219G1/session2/
[Fri Apr 05 10:18:50.505308 2019] [php7:notice] [pid 974] [client ::1:43966] PHP Notice:  Undefined index: profile in /var/www/html/module2-C0219G1/session2/loc-danh-sach-khach-hang/index.php on line 68, referer: http://localhost/module2-C0219G1/session2/
[Fri Apr 05 10:18:50.505326 2019] [php7:notice] [pid 974] [client ::1:43966] PHP Notice:  Undefined index: profile in /var/www/html/module2-C0219G1/session2/loc-danh-sach-khach-hang/index.php on line 68, referer: http://localhost/module2-C0219G1/session2/
[Fri Apr 05 10:18:50.505343 2019] [php7:notice] [pid 974] [client ::1:43966] PHP Notice:  Undefined index: profile in /var/www/html/module2-C0219G1/session2/loc-danh-sach-khach-hang/index.php on line 68, referer: http://localhost/module2-C0219G1/session2/
[Fri Apr 05 10:22:39.186964 2019] [php7:notice] [pid 976] [client ::1:43990] PHP Notice:  Undefined index: profile in /var/www/html/module2-C0219G1/session2/loc-danh-sach-khach-hang/index.php on line 68, referer: http://localhost/module2-C0219G1/session2/
[Fri Apr 05 10:22:39.187022 2019] [php7:notice] [pid 976] [client ::1:43990] PHP Notice:  Undefined index: profile in /var/www/html/module2-C0219G1/session2/loc-danh-sach-khach-hang/index.php on line 68, referer: http://localhost/module2-C0219G1/session2/
[Fri Apr 05 10:22:39.187071 2019] [php7:notice] [pid 976] [client ::1:43990] PHP Notice:  Undefined index: profile in /var/www/html/module2-C0219G1/session2/loc-danh-sach-khach-hang/index.php on line 68, referer: http://localhost/module2-C0219G1/session2/
[Fri Apr 05 10:22:39.187091 2019] [php7:notice] [pid 976] [client ::1:43990] PHP Notice:  Undefined index: profile in /var/www/html/module2-C0219G1/session2/loc-danh-sach-khach-hang/index.php on line 68, referer: http://localhost/module2-C0219G1/session2/
[Fri Apr 05 10:22:39.187103 2019] [php7:notice] [pid 976] [client ::1:43990] PHP Notice:  Undefined index: profile in /var/www/html/module2-C0219G1/session2/loc-danh-sach-khach-hang/index.php on line 68, referer: http://localhost/module2-C0219G1/session2/
[Fri Apr 05 10:22:39.953694 2019] [php7:notice] [pid 976] [client ::1:43990] PHP Notice:  Undefined index: profile in /var/www/html/module2-C0219G1/session2/loc-danh-sach-khach-hang/index.php on line 68, referer: http://localhost/module2-C0219G1/session2/
[Fri Apr 05 10:22:39.953749 2019] [php7:notice] [pid 976] [client ::1:43990] PHP Notice:  Undefined index: profile in /var/www/html/module2-C0219G1/session2/loc-danh-sach-khach-hang/index.php on line 68, referer: http://localhost/module2-C0219G1/session2/
[Fri Apr 05 10:22:39.953771 2019] [php7:notice] [pid 976] [client ::1:43990] PHP Notice:  Undefined index: profile in /var/www/html/module2-C0219G1/session2/loc-danh-sach-khach-hang/index.php on line 68, referer: http://localhost/module2-C0219G1/session2/
[Fri Apr 05 10:22:39.953790 2019] [php7:notice] [pid 976] [client ::1:43990] PHP Notice:  Undefined index: profile in /var/www/html/module2-C0219G1/session2/loc-danh-sach-khach-hang/index.php on line 68, referer: http://localhost/module2-C0219G1/session2/
[Fri Apr 05 10:22:39.953808 2019] [php7:notice] [pid 976] [client ::1:43990] PHP Notice:  Undefined index: profile in /var/www/html/module2-C0219G1/session2/loc-danh-sach-khach-hang/index.php on line 68, referer: http://localhost/module2-C0219G1/session2/
[Fri Apr 05 10:22:40.108474 2019] [php7:notice] [pid 976] [client ::1:43990] PHP Notice:  Undefined index: profile in /var/www/html/module2-C0219G1/session2/loc-danh-sach-khach-hang/index.php on line 68, referer: http://localhost/module2-C0219G1/session2/
[Fri Apr 05 10:22:40.108500 2019] [php7:notice] [pid 976] [client ::1:43990] PHP Notice:  Undefined index: profile in /var/www/html/module2-C0219G1/session2/loc-danh-sach-khach-hang/index.php on line 68, referer: http://localhost/module2-C0219G1/session2/
[Fri Apr 05 10:22:40.108507 2019] [php7:notice] [pid 976] [client ::1:43990] PHP Notice:  Undefined index: profile in /var/www/html/module2-C0219G1/session2/loc-danh-sach-khach-hang/index.php on line 68, referer: http://localhost/module2-C0219G1/session2/
[Fri Apr 05 10:22:40.108512 2019] [php7:notice] [pid 976] [client ::1:43990] PHP Notice:  Undefined index: profile in /var/www/html/module2-C0219G1/session2/loc-danh-sach-khach-hang/index.php on line 68, referer: http://localhost/module2-C0219G1/session2/
[Fri Apr 05 10:22:40.108517 2019] [php7:notice] [pid 976] [client ::1:43990] PHP Notice:  Undefined index: profile in /var/www/html/module2-C0219G1/session2/loc-danh-sach-khach-hang/index.php on line 68, referer: http://localhost/module2-C0219G1/session2/
[Fri Apr 05 10:27:51.034658 2019] [php7:notice] [pid 975] [client ::1:45560] PHP Notice:  Undefined index: profile in /var/www/html/module2-C0219G1/session2/loc-danh-sach-khach-hang/index.php on line 68, referer: http://localhost/module2-C0219G1/session2/loc-danh-sach-khach-hang/
[Fri Apr 05 10:27:51.034753 2019] [php7:notice] [pid 975] [client ::1:45560] PHP Notice:  Undefined index: profile in /var/www/html/module2-C0219G1/session2/loc-danh-sach-khach-hang/index.php on line 68, referer: http://localhost/module2-C0219G1/session2/loc-danh-sach-khach-hang/
[Fri Apr 05 10:27:51.034792 2019] [php7:notice] [pid 975] [client ::1:45560] PHP Notice:  Undefined index: profile in /var/www/html/module2-C0219G1/session2/loc-danh-sach-khach-hang/index.php on line 68, referer: http://localhost/module2-C0219G1/session2/loc-danh-sach-khach-hang/
[Fri Apr 05 10:27:51.034807 2019] [php7:notice] [pid 975] [client ::1:45560] PHP Notice:  Undefined index: profile in /var/www/html/module2-C0219G1/session2/loc-danh-sach-khach-hang/index.php on line 68, referer: http://localhost/module2-C0219G1/session2/loc-danh-sach-khach-hang/
[Fri Apr 05 10:27:51.034825 2019] [php7:notice] [pid 975] [client ::1:45560] PHP Notice:  Undefined index: profile in /var/www/html/module2-C0219G1/session2/loc-danh-sach-khach-hang/index.php on line 68, referer: http://localhost/module2-C0219G1/session2/loc-danh-sach-khach-hang/
[Fri Apr 05 11:05:20.711556 2019] [php7:error] [pid 20713] [client ::1:35534] PHP Fatal error:  Uncaught Error: Call to undefined function searchByDate() in /var/www/html/module2-C0219G1/session2/loc-danh-sach-khach-hang/index.php:57\nStack trace:\n#0 {main}\n  thrown in /var/www/html/module2-C0219G1/session2/loc-danh-sach-khach-hang/index.php on line 57, referer: http://localhost/module2-C0219G1/session2/loc-danh-sach-khach-hang/
[Fri Apr 05 11:07:12.713893 2019] [php7:notice] [pid 974] [client ::1:36446] PHP Notice:  Undefined index: address in /var/www/html/module2-C0219G1/session2/loc-danh-sach-khach-hang/index.php on line 62, referer: http://localhost/module2-C0219G1/session2/loc-danh-sach-khach-hang/
[Fri Apr 05 11:09:44.398648 2019] [php7:notice] [pid 974] [client ::1:37682] PHP Notice:  Undefined index: address in /var/www/html/module2-C0219G1/session2/loc-danh-sach-khach-hang/index.php on line 62, referer: http://localhost/module2-C0219G1/session2/loc-danh-sach-khach-hang/?to=1983%2F08%2F21
[Fri Apr 05 11:09:45.272786 2019] [php7:notice] [pid 974] [client ::1:37682] PHP Notice:  Undefined index: address in /var/www/html/module2-C0219G1/session2/loc-danh-sach-khach-hang/index.php on line 62, referer: http://localhost/module2-C0219G1/session2/loc-danh-sach-khach-hang/?to=1983%2F08%2F21
[Fri Apr 05 11:09:45.421442 2019] [php7:notice] [pid 974] [client ::1:37682] PHP Notice:  Undefined index: address in /var/www/html/module2-C0219G1/session2/loc-danh-sach-khach-hang/index.php on line 62, referer: http://localhost/module2-C0219G1/session2/loc-danh-sach-khach-hang/?to=1983%2F08%2F21
[Fri Apr 05 11:13:29.391058 2019] [php7:notice] [pid 7627] [client ::1:39490] PHP Notice:  Undefined index: address in /var/www/html/module2-C0219G1/session2/loc-danh-sach-khach-hang/index.php on line 62, referer: http://localhost/module2-C0219G1/session2/loc-danh-sach-khach-hang/?to=1983%2F08%2F21
[Fri Apr 05 11:13:32.568036 2019] [php7:notice] [pid 7627] [client ::1:39490] PHP Notice:  Undefined index: address in /var/www/html/module2-C0219G1/session2/loc-danh-sach-khach-hang/index.php on line 62, referer: http://localhost/module2-C0219G1/session2/loc-danh-sach-khach-hang/?to=1983%2F08%2F21
[Fri Apr 05 11:13:35.944662 2019] [php7:notice] [pid 7627] [client ::1:39490] PHP Notice:  Undefined index: address in /var/www/html/module2-C0219G1/session2/loc-danh-sach-khach-hang/index.php on line 62, referer: http://localhost/module2-C0219G1/session2/loc-danh-sach-khach-hang/?to=1983%2F08%2F21
[Fri Apr 05 11:13:38.417865 2019] [php7:notice] [pid 7627] [client ::1:39490] PHP Notice:  Undefined index: address in /var/www/html/module2-C0219G1/session2/loc-danh-sach-khach-hang/index.php on line 62, referer: http://localhost/module2-C0219G1/session2/loc-danh-sach-khach-hang/?to=1983%2F08%2F21
[Fri Apr 05 11:14:54.646674 2019] [php7:emerg] [pid 972] [client ::1:40180] PHP Parse error:  syntax error, unexpected '<' in /var/www/html/module2-C0219G1/session2/loc-danh-sach-khach-hang/index.php on line 20, referer: http://localhost/module2-C0219G1/session2/loc-danh-sach-khach-hang/?to=1983%2F08%2F21
[Fri Apr 05 11:14:59.523601 2019] [php7:emerg] [pid 976] [client ::1:40182] PHP Parse error:  syntax error, unexpected '<' in /var/www/html/module2-C0219G1/session2/loc-danh-sach-khach-hang/index.php on line 20, referer: http://localhost/module2-C0219G1/session2/loc-danh-sach-khach-hang/?to=1983%2F08%2F21
[Fri Apr 05 11:15:16.000258 2019] [php7:emerg] [pid 974] [client ::1:40318] PHP Parse error:  syntax error, unexpected '<' in /var/www/html/module2-C0219G1/session2/loc-danh-sach-khach-hang/index.php on line 20, referer: http://localhost/module2-C0219G1/session2/
[Fri Apr 05 11:15:21.764743 2019] [php7:emerg] [pid 973] [client ::1:40376] PHP Parse error:  syntax error, unexpected '<' in /var/www/html/module2-C0219G1/session2/loc-danh-sach-khach-hang/index.php on line 20, referer: http://localhost/module2-C0219G1/session2/
[Fri Apr 05 11:15:22.353298 2019] [php7:emerg] [pid 16414] [client ::1:40378] PHP Parse error:  syntax error, unexpected '<' in /var/www/html/module2-C0219G1/session2/loc-danh-sach-khach-hang/index.php on line 20, referer: http://localhost/module2-C0219G1/session2/
[Fri Apr 05 11:15:22.645297 2019] [php7:emerg] [pid 16435] [client ::1:40424] PHP Parse error:  syntax error, unexpected '<' in /var/www/html/module2-C0219G1/session2/loc-danh-sach-khach-hang/index.php on line 20, referer: http://localhost/module2-C0219G1/session2/
[Fri Apr 05 11:45:31.893366 2019] [php7:notice] [pid 16414] [client ::1:55442] PHP Notice:  Undefined index: address in /var/www/html/module2-C0219G1/session2/loc-danh-sach-khach-hang/index.php on line 66, referer: http://localhost/module2-C0219G1/session2/loc-danh-sach-khach-hang/
[Fri Apr 05 13:51:59.685041 2019] [php7:error] [pid 7627] [client ::1:60030] PHP Fatal error:  Uncaught Error: Call to undefined function searchByAddress() in /var/www/html/module2-C0219G1/session2/loc-danh-sach-khach-hang/index.php:67\nStack trace:\n#0 {main}\n  thrown in /var/www/html/module2-C0219G1/session2/loc-danh-sach-khach-hang/index.php on line 67, referer: http://localhost/module2-C0219G1/session2/
[Fri Apr 05 14:02:42.593487 2019] [php7:warn] [pid 16414] [client ::1:37028] PHP Warning:  Invalid argument supplied for foreach() in /var/www/html/module2-C0219G1/session2/loc-danh-sach-khach-hang/index.php on line 79, referer: http://localhost/module2-C0219G1/session2/loc-danh-sach-khach-hang/
[Fri Apr 05 14:03:23.740734 2019] [php7:notice] [pid 7627] [client ::1:37372] PHP Notice:  Undefined index: day_of_birth in /var/www/html/module2-C0219G1/session2/loc-danh-sach-khach-hang/index.php on line 31, referer: http://localhost/module2-C0219G1/session2/loc-danh-sach-khach-hang/
[Fri Apr 05 14:03:23.740806 2019] [php7:notice] [pid 7627] [client ::1:37372] PHP Notice:  Undefined index: day_of_birth in /var/www/html/module2-C0219G1/session2/loc-danh-sach-khach-hang/index.php on line 31, referer: http://localhost/module2-C0219G1/session2/loc-danh-sach-khach-hang/
[Fri Apr 05 14:03:23.740831 2019] [php7:notice] [pid 7627] [client ::1:37372] PHP Notice:  Undefined index: day_of_birth in /var/www/html/module2-C0219G1/session2/loc-danh-sach-khach-hang/index.php on line 31, referer: http://localhost/module2-C0219G1/session2/loc-danh-sach-khach-hang/
[Fri Apr 05 14:03:23.740850 2019] [php7:notice] [pid 7627] [client ::1:37372] PHP Notice:  Undefined index: day_of_birth in /var/www/html/module2-C0219G1/session2/loc-danh-sach-khach-hang/index.php on line 31, referer: http://localhost/module2-C0219G1/session2/loc-danh-sach-khach-hang/
[Fri Apr 05 14:03:23.740870 2019] [php7:notice] [pid 7627] [client ::1:37372] PHP Notice:  Undefined index: day_of_birth in /var/www/html/module2-C0219G1/session2/loc-danh-sach-khach-hang/index.php on line 31, referer: http://localhost/module2-C0219G1/session2/loc-danh-sach-khach-hang/
[Fri Apr 05 14:03:23.740894 2019] [php7:warn] [pid 7627] [client ::1:37372] PHP Warning:  Invalid argument supplied for foreach() in /var/www/html/module2-C0219G1/session2/loc-danh-sach-khach-hang/index.php on line 79, referer: http://localhost/module2-C0219G1/session2/loc-danh-sach-khach-hang/
[Fri Apr 05 14:03:52.665735 2019] [php7:warn] [pid 975] [client ::1:37610] PHP Warning:  Invalid argument supplied for foreach() in /var/www/html/module2-C0219G1/session2/loc-danh-sach-khach-hang/index.php on line 79, referer: http://localhost/module2-C0219G1/session2/loc-danh-sach-khach-hang/
[Fri Apr 05 14:04:04.101788 2019] [php7:warn] [pid 7616] [client ::1:37702] PHP Warning:  Invalid argument supplied for foreach() in /var/www/html/module2-C0219G1/session2/loc-danh-sach-khach-hang/index.php on line 79, referer: http://localhost/module2-C0219G1/session2/loc-danh-sach-khach-hang/
[Fri Apr 05 14:04:50.309718 2019] [php7:warn] [pid 974] [client ::1:38076] PHP Warning:  Invalid argument supplied for foreach() in /var/www/html/module2-C0219G1/session2/loc-danh-sach-khach-hang/index.php on line 79, referer: http://localhost/module2-C0219G1/session2/loc-danh-sach-khach-hang/
[Fri Apr 05 14:11:05.829315 2019] [php7:notice] [pid 16414] [client ::1:41098] PHP Notice:  Undefined variable: fillterd_customer in /var/www/html/module2-C0219G1/session2/loc-danh-sach-khach-hang/index.php on line 26, referer: http://localhost/module2-C0219G1/session2/loc-danh-sach-khach-hang/
[Fri Apr 05 14:11:05.829402 2019] [php7:warn] [pid 16414] [client ::1:41098] PHP Warning:  Invalid argument supplied for foreach() in /var/www/html/module2-C0219G1/session2/loc-danh-sach-khach-hang/index.php on line 73, referer: http://localhost/module2-C0219G1/session2/loc-danh-sach-khach-hang/
[Fri Apr 05 14:11:10.041650 2019] [php7:notice] [pid 16414] [client ::1:41098] PHP Notice:  Undefined variable: fillterd_customer in /var/www/html/module2-C0219G1/session2/loc-danh-sach-khach-hang/index.php on line 26, referer: http://localhost/module2-C0219G1/session2/loc-danh-sach-khach-hang/
[Fri Apr 05 14:11:10.041710 2019] [php7:warn] [pid 16414] [client ::1:41098] PHP Warning:  Invalid argument supplied for foreach() in /var/www/html/module2-C0219G1/session2/loc-danh-sach-khach-hang/index.php on line 73, referer: http://localhost/module2-C0219G1/session2/loc-danh-sach-khach-hang/
[Fri Apr 05 14:12:40.612957 2019] [php7:notice] [pid 975] [client ::1:41864] PHP Notice:  Undefined index: name in /var/www/html/module2-C0219G1/session2/loc-danh-sach-khach-hang/index.php on line 76, referer: http://localhost/module2-C0219G1/session2/loc-danh-sach-khach-hang/
[Fri Apr 05 14:12:40.613012 2019] [php7:notice] [pid 975] [client ::1:41864] PHP Notice:  Undefined index: day_of_birth in /var/www/html/module2-C0219G1/session2/loc-danh-sach-khach-hang/index.php on line 77, referer: http://localhost/module2-C0219G1/session2/loc-danh-sach-khach-hang/
[Fri Apr 05 14:12:40.613032 2019] [php7:notice] [pid 975] [client ::1:41864] PHP Notice:  Undefined index: address in /var/www/html/module2-C0219G1/session2/loc-danh-sach-khach-hang/index.php on line 78, referer: http://localhost/module2-C0219G1/session2/loc-danh-sach-khach-hang/
[Fri Apr 05 14:12:40.613047 2019] [php7:notice] [pid 975] [client ::1:41864] PHP Notice:  Undefined index: image in /var/www/html/module2-C0219G1/session2/loc-danh-sach-khach-hang/index.php on line 80, referer: http://localhost/module2-C0219G1/session2/loc-danh-sach-khach-hang/
[Fri Apr 05 14:12:40.613063 2019] [php7:notice] [pid 975] [client ::1:41864] PHP Notice:  Undefined index: name in /var/www/html/module2-C0219G1/session2/loc-danh-sach-khach-hang/index.php on line 76, referer: http://localhost/module2-C0219G1/session2/loc-danh-sach-khach-hang/
[Fri Apr 05 14:12:40.613077 2019] [php7:notice] [pid 975] [client ::1:41864] PHP Notice:  Undefined index: day_of_birth in /var/www/html/module2-C0219G1/session2/loc-danh-sach-khach-hang/index.php on line 77, referer: http://localhost/module2-C0219G1/session2/loc-danh-sach-khach-hang/
[Fri Apr 05 14:12:40.613092 2019] [php7:notice] [pid 975] [client ::1:41864] PHP Notice:  Undefined index: address in /var/www/html/module2-C0219G1/session2/loc-danh-sach-khach-hang/index.php on line 78, referer: http://localhost/module2-C0219G1/session2/loc-danh-sach-khach-hang/
[Fri Apr 05 14:12:40.613107 2019] [php7:notice] [pid 975] [client ::1:41864] PHP Notice:  Undefined index: image in /var/www/html/module2-C0219G1/session2/loc-danh-sach-khach-hang/index.php on line 80, referer: http://localhost/module2-C0219G1/session2/loc-danh-sach-khach-hang/
[Fri Apr 05 14:12:40.613147 2019] [php7:notice] [pid 975] [client ::1:41864] PHP Notice:  Undefined index: name in /var/www/html/module2-C0219G1/session2/loc-danh-sach-khach-hang/index.php on line 76, referer: http://localhost/module2-C0219G1/session2/loc-danh-sach-khach-hang/
[Fri Apr 05 14:12:40.613162 2019] [php7:notice] [pid 975] [client ::1:41864] PHP Notice:  Undefined index: day_of_birth in /var/www/html/module2-C0219G1/session2/loc-danh-sach-khach-hang/index.php on line 77, referer: http://localhost/module2-C0219G1/session2/loc-danh-sach-khach-hang/
[Fri Apr 05 14:12:40.613176 2019] [php7:notice] [pid 975] [client ::1:41864] PHP Notice:  Undefined index: address in /var/www/html/module2-C0219G1/session2/loc-danh-sach-khach-hang/index.php on line 78, referer: http://localhost/module2-C0219G1/session2/loc-danh-sach-khach-hang/
[Fri Apr 05 14:12:40.613190 2019] [php7:notice] [pid 975] [client ::1:41864] PHP Notice:  Undefined index: image in /var/www/html/module2-C0219G1/session2/loc-danh-sach-khach-hang/index.php on line 80, referer: http://localhost/module2-C0219G1/session2/loc-danh-sach-khach-hang/
[Fri Apr 05 14:12:40.613203 2019] [php7:notice] [pid 975] [client ::1:41864] PHP Notice:  Undefined index: name in /var/www/html/module2-C0219G1/session2/loc-danh-sach-khach-hang/index.php on line 76, referer: http://localhost/module2-C0219G1/session2/loc-danh-sach-khach-hang/
[Fri Apr 05 14:12:40.613217 2019] [php7:notice] [pid 975] [client ::1:41864] PHP Notice:  Undefined index: day_of_birth in /var/www/html/module2-C0219G1/session2/loc-danh-sach-khach-hang/index.php on line 77, referer: http://localhost/module2-C0219G1/session2/loc-danh-sach-khach-hang/
[Fri Apr 05 14:12:40.613231 2019] [php7:notice] [pid 975] [client ::1:41864] PHP Notice:  Undefined index: address in /var/www/html/module2-C0219G1/session2/loc-danh-sach-khach-hang/index.php on line 78, referer: http://localhost/module2-C0219G1/session2/loc-danh-sach-khach-hang/
[Fri Apr 05 14:12:40.613245 2019] [php7:notice] [pid 975] [client ::1:41864] PHP Notice:  Undefined index: image in /var/www/html/module2-C0219G1/session2/loc-danh-sach-khach-hang/index.php on line 80, referer: http://localhost/module2-C0219G1/session2/loc-danh-sach-khach-hang/
[Fri Apr 05 14:12:40.613259 2019] [php7:notice] [pid 975] [client ::1:41864] PHP Notice:  Undefined index: name in /var/www/html/module2-C0219G1/session2/loc-danh-sach-khach-hang/index.php on line 76, referer: http://localhost/module2-C0219G1/session2/loc-danh-sach-khach-hang/
[Fri Apr 05 14:12:40.613272 2019] [php7:notice] [pid 975] [client ::1:41864] PHP Notice:  Undefined index: day_of_birth in /var/www/html/module2-C0219G1/session2/loc-danh-sach-khach-hang/index.php on line 77, referer: http://localhost/module2-C0219G1/session2/loc-danh-sach-khach-hang/
[Fri Apr 05 14:12:40.613286 2019] [php7:notice] [pid 975] [client ::1:41864] PHP Notice:  Undefined index: address in /var/www/html/module2-C0219G1/session2/loc-danh-sach-khach-hang/index.php on line 78, referer: http://localhost/module2-C0219G1/session2/loc-danh-sach-khach-hang/
[Fri Apr 05 14:12:40.613298 2019] [php7:notice] [pid 975] [client ::1:41864] PHP Notice:  Undefined index: image in /var/www/html/module2-C0219G1/session2/loc-danh-sach-khach-hang/index.php on line 80, referer: http://localhost/module2-C0219G1/session2/loc-danh-sach-khach-hang/
[Fri Apr 05 14:13:37.843477 2019] [php7:notice] [pid 974] [client ::1:42330] PHP Notice:  Undefined index: name in /var/www/html/module2-C0219G1/session2/loc-danh-sach-khach-hang/index.php on line 76, referer: http://localhost/module2-C0219G1/session2/loc-danh-sach-khach-hang/
[Fri Apr 05 14:13:37.843572 2019] [php7:notice] [pid 974] [client ::1:42330] PHP Notice:  Undefined index: day_of_birth in /var/www/html/module2-C0219G1/session2/loc-danh-sach-khach-hang/index.php on line 77, referer: http://localhost/module2-C0219G1/session2/loc-danh-sach-khach-hang/
[Fri Apr 05 14:13:37.843595 2019] [php7:notice] [pid 974] [client ::1:42330] PHP Notice:  Undefined index: address in /var/www/html/module2-C0219G1/session2/loc-danh-sach-khach-hang/index.php on line 78, referer: http://localhost/module2-C0219G1/session2/loc-danh-sach-khach-hang/
[Fri Apr 05 14:13:37.843649 2019] [php7:notice] [pid 974] [client ::1:42330] PHP Notice:  Undefined index: image in /var/www/html/module2-C0219G1/session2/loc-danh-sach-khach-hang/index.php on line 80, referer: http://localhost/module2-C0219G1/session2/loc-danh-sach-khach-hang/
[Fri Apr 05 14:15:40.865482 2019] [php7:notice] [pid 7627] [client ::1:43328] PHP Notice:  Undefined index: name in /var/www/html/module2-C0219G1/session2/loc-danh-sach-khach-hang/index.php on line 76, referer: http://localhost/module2-C0219G1/session2/loc-danh-sach-khach-hang/
[Fri Apr 05 14:15:40.865510 2019] [php7:notice] [pid 7627] [client ::1:43328] PHP Notice:  Undefined index: day_of_birth in /var/www/html/module2-C0219G1/session2/loc-danh-sach-khach-hang/index.php on line 77, referer: http://localhost/module2-C0219G1/session2/loc-danh-sach-khach-hang/
[Fri Apr 05 14:15:40.865517 2019] [php7:notice] [pid 7627] [client ::1:43328] PHP Notice:  Undefined index: address in /var/www/html/module2-C0219G1/session2/loc-danh-sach-khach-hang/index.php on line 78, referer: http://localhost/module2-C0219G1/session2/loc-danh-sach-khach-hang/
[Fri Apr 05 14:15:40.865523 2019] [php7:notice] [pid 7627] [client ::1:43328] PHP Notice:  Undefined index: image in /var/www/html/module2-C0219G1/session2/loc-danh-sach-khach-hang/index.php on line 80, referer: http://localhost/module2-C0219G1/session2/loc-danh-sach-khach-hang/
[Fri Apr 05 14:15:40.865529 2019] [php7:notice] [pid 7627] [client ::1:43328] PHP Notice:  Undefined index: name in /var/www/html/module2-C0219G1/session2/loc-danh-sach-khach-hang/index.php on line 76, referer: http://localhost/module2-C0219G1/session2/loc-danh-sach-khach-hang/
[Fri Apr 05 14:15:40.865534 2019] [php7:notice] [pid 7627] [client ::1:43328] PHP Notice:  Undefined index: day_of_birth in /var/www/html/module2-C0219G1/session2/loc-danh-sach-khach-hang/index.php on line 77, referer: http://localhost/module2-C0219G1/session2/loc-danh-sach-khach-hang/
[Fri Apr 05 14:15:40.865539 2019] [php7:notice] [pid 7627] [client ::1:43328] PHP Notice:  Undefined index: address in /var/www/html/module2-C0219G1/session2/loc-danh-sach-khach-hang/index.php on line 78, referer: http://localhost/module2-C0219G1/session2/loc-danh-sach-khach-hang/
[Fri Apr 05 14:15:40.865545 2019] [php7:notice] [pid 7627] [client ::1:43328] PHP Notice:  Undefined index: image in /var/www/html/module2-C0219G1/session2/loc-danh-sach-khach-hang/index.php on line 80, referer: http://localhost/module2-C0219G1/session2/loc-danh-sach-khach-hang/
[Fri Apr 05 14:15:40.865550 2019] [php7:notice] [pid 7627] [client ::1:43328] PHP Notice:  Undefined index: name in /var/www/html/module2-C0219G1/session2/loc-danh-sach-khach-hang/index.php on line 76, referer: http://localhost/module2-C0219G1/session2/loc-danh-sach-khach-hang/
[Fri Apr 05 14:15:40.865556 2019] [php7:notice] [pid 7627] [client ::1:43328] PHP Notice:  Undefined index: day_of_birth in /var/www/html/module2-C0219G1/session2/loc-danh-sach-khach-hang/index.php on line 77, referer: http://localhost/module2-C0219G1/session2/loc-danh-sach-khach-hang/
[Fri Apr 05 14:15:40.865561 2019] [php7:notice] [pid 7627] [client ::1:43328] PHP Notice:  Undefined index: address in /var/www/html/module2-C0219G1/session2/loc-danh-sach-khach-hang/index.php on line 78, referer: http://localhost/module2-C0219G1/session2/loc-danh-sach-khach-hang/
[Fri Apr 05 14:15:40.865566 2019] [php7:notice] [pid 7627] [client ::1:43328] PHP Notice:  Undefined index: image in /var/www/html/module2-C0219G1/session2/loc-danh-sach-khach-hang/index.php on line 80, referer: http://localhost/module2-C0219G1/session2/loc-danh-sach-khach-hang/
[Fri Apr 05 14:24:52.045565 2019] [php7:notice] [pid 975] [client ::1:47752] PHP Notice:  Undefined index: name in /var/www/html/module2-C0219G1/session2/loc-danh-sach-khach-hang/index.php on line 74, referer: http://localhost/module2-C0219G1/session2/loc-danh-sach-khach-hang/
[Fri Apr 05 14:24:52.045651 2019] [php7:notice] [pid 975] [client ::1:47752] PHP Notice:  Undefined index: day_of_birth in /var/www/html/module2-C0219G1/session2/loc-danh-sach-khach-hang/index.php on line 75, referer: http://localhost/module2-C0219G1/session2/loc-danh-sach-khach-hang/
[Fri Apr 05 14:24:52.045671 2019] [php7:notice] [pid 975] [client ::1:47752] PHP Notice:  Undefined index: address in /var/www/html/module2-C0219G1/session2/loc-danh-sach-khach-hang/index.php on line 76, referer: http://localhost/module2-C0219G1/session2/loc-danh-sach-khach-hang/
[Fri Apr 05 14:24:52.045687 2019] [php7:notice] [pid 975] [client ::1:47752] PHP Notice:  Undefined index: image in /var/www/html/module2-C0219G1/session2/loc-danh-sach-khach-hang/index.php on line 78, referer: http://localhost/module2-C0219G1/session2/loc-danh-sach-khach-hang/
[Fri Apr 05 14:24:52.045704 2019] [php7:notice] [pid 975] [client ::1:47752] PHP Notice:  Undefined index: name in /var/www/html/module2-C0219G1/session2/loc-danh-sach-khach-hang/index.php on line 74, referer: http://localhost/module2-C0219G1/session2/loc-danh-sach-khach-hang/
[Fri Apr 05 14:24:52.045720 2019] [php7:notice] [pid 975] [client ::1:47752] PHP Notice:  Undefined index: day_of_birth in /var/www/html/module2-C0219G1/session2/loc-danh-sach-khach-hang/index.php on line 75, referer: http://localhost/module2-C0219G1/session2/loc-danh-sach-khach-hang/
[Fri Apr 05 14:24:52.045737 2019] [php7:notice] [pid 975] [client ::1:47752] PHP Notice:  Undefined index: address in /var/www/html/module2-C0219G1/session2/loc-danh-sach-khach-hang/index.php on line 76, referer: http://localhost/module2-C0219G1/session2/loc-danh-sach-khach-hang/
[Fri Apr 05 14:24:52.045752 2019] [php7:notice] [pid 975] [client ::1:47752] PHP Notice:  Undefined index: image in /var/www/html/module2-C0219G1/session2/loc-danh-sach-khach-hang/index.php on line 78, referer: http://localhost/module2-C0219G1/session2/loc-danh-sach-khach-hang/
[Fri Apr 05 14:24:52.045769 2019] [php7:notice] [pid 975] [client ::1:47752] PHP Notice:  Undefined index: name in /var/www/html/module2-C0219G1/session2/loc-danh-sach-khach-hang/index.php on line 74, referer: http://localhost/module2-C0219G1/session2/loc-danh-sach-khach-hang/
[Fri Apr 05 14:24:52.045785 2019] [php7:notice] [pid 975] [client ::1:47752] PHP Notice:  Undefined index: day_of_birth in /var/www/html/module2-C0219G1/session2/loc-danh-sach-khach-hang/index.php on line 75, referer: http://localhost/module2-C0219G1/session2/loc-danh-sach-khach-hang/
[Fri Apr 05 14:24:52.045801 2019] [php7:notice] [pid 975] [client ::1:47752] PHP Notice:  Undefined index: address in /var/www/html/module2-C0219G1/session2/loc-danh-sach-khach-hang/index.php on line 76, referer: http://localhost/module2-C0219G1/session2/loc-danh-sach-khach-hang/
[Fri Apr 05 14:24:52.045816 2019] [php7:notice] [pid 975] [client ::1:47752] PHP Notice:  Undefined index: image in /var/www/html/module2-C0219G1/session2/loc-danh-sach-khach-hang/index.php on line 78, referer: http://localhost/module2-C0219G1/session2/loc-danh-sach-khach-hang/
[Fri Apr 05 14:25:52.381494 2019] [php7:notice] [pid 7616] [client ::1:48244] PHP Notice:  Undefined index: name in /var/www/html/module2-C0219G1/session2/loc-danh-sach-khach-hang/index.php on line 74, referer: http://localhost/module2-C0219G1/session2/loc-danh-sach-khach-hang/
[Fri Apr 05 14:25:52.381553 2019] [php7:notice] [pid 7616] [client ::1:48244] PHP Notice:  Undefined index: day_of_birth in /var/www/html/module2-C0219G1/session2/loc-danh-sach-khach-hang/index.php on line 75, referer: http://localhost/module2-C0219G1/session2/loc-danh-sach-khach-hang/
[Fri Apr 05 14:25:52.381574 2019] [php7:notice] [pid 7616] [client ::1:48244] PHP Notice:  Undefined index: address in /var/www/html/module2-C0219G1/session2/loc-danh-sach-khach-hang/index.php on line 76, referer: http://localhost/module2-C0219G1/session2/loc-danh-sach-khach-hang/
[Fri Apr 05 14:25:52.381591 2019] [php7:notice] [pid 7616] [client ::1:48244] PHP Notice:  Undefined index: image in /var/www/html/module2-C0219G1/session2/loc-danh-sach-khach-hang/index.php on line 78, referer: http://localhost/module2-C0219G1/session2/loc-danh-sach-khach-hang/
[Fri Apr 05 14:25:52.381630 2019] [php7:notice] [pid 7616] [client ::1:48244] PHP Notice:  Undefined index: name in /var/www/html/module2-C0219G1/session2/loc-danh-sach-khach-hang/index.php on line 74, referer: http://localhost/module2-C0219G1/session2/loc-danh-sach-khach-hang/
[Fri Apr 05 14:25:52.381647 2019] [php7:notice] [pid 7616] [client ::1:48244] PHP Notice:  Undefined index: day_of_birth in /var/www/html/module2-C0219G1/session2/loc-danh-sach-khach-hang/index.php on line 75, referer: http://localhost/module2-C0219G1/session2/loc-danh-sach-khach-hang/
[Fri Apr 05 14:25:52.381662 2019] [php7:notice] [pid 7616] [client ::1:48244] PHP Notice:  Undefined index: address in /var/www/html/module2-C0219G1/session2/loc-danh-sach-khach-hang/index.php on line 76, referer: http://localhost/module2-C0219G1/session2/loc-danh-sach-khach-hang/
[Fri Apr 05 14:25:52.381677 2019] [php7:notice] [pid 7616] [client ::1:48244] PHP Notice:  Undefined index: image in /var/www/html/module2-C0219G1/session2/loc-danh-sach-khach-hang/index.php on line 78, referer: http://localhost/module2-C0219G1/session2/loc-danh-sach-khach-hang/
[Fri Apr 05 15:10:28.561668 2019] [php7:notice] [pid 7627] [client ::1:41434] PHP Notice:  Undefined index: name in /var/www/html/module2-C0219G1/session2/loc-danh-sach-khach-hang/index.php on line 74, referer: http://localhost/module2-C0219G1/session2/loc-danh-sach-khach-hang/
[Fri Apr 05 15:10:28.561690 2019] [php7:notice] [pid 7627] [client ::1:41434] PHP Notice:  Undefined index: day_of_birth in /var/www/html/module2-C0219G1/session2/loc-danh-sach-khach-hang/index.php on line 75, referer: http://localhost/module2-C0219G1/session2/loc-danh-sach-khach-hang/
[Fri Apr 05 15:10:28.561695 2019] [php7:notice] [pid 7627] [client ::1:41434] PHP Notice:  Undefined index: address in /var/www/html/module2-C0219G1/session2/loc-danh-sach-khach-hang/index.php on line 76, referer: http://localhost/module2-C0219G1/session2/loc-danh-sach-khach-hang/
[Fri Apr 05 15:10:28.561698 2019] [php7:notice] [pid 7627] [client ::1:41434] PHP Notice:  Undefined index: image in /var/www/html/module2-C0219G1/session2/loc-danh-sach-khach-hang/index.php on line 78, referer: http://localhost/module2-C0219G1/session2/loc-danh-sach-khach-hang/
[Fri Apr 05 15:10:28.561702 2019] [php7:notice] [pid 7627] [client ::1:41434] PHP Notice:  Undefined index: name in /var/www/html/module2-C0219G1/session2/loc-danh-sach-khach-hang/index.php on line 74, referer: http://localhost/module2-C0219G1/session2/loc-danh-sach-khach-hang/
[Fri Apr 05 15:10:28.561706 2019] [php7:notice] [pid 7627] [client ::1:41434] PHP Notice:  Undefined index: day_of_birth in /var/www/html/module2-C0219G1/session2/loc-danh-sach-khach-hang/index.php on line 75, referer: http://localhost/module2-C0219G1/session2/loc-danh-sach-khach-hang/
[Fri Apr 05 15:10:28.561709 2019] [php7:notice] [pid 7627] [client ::1:41434] PHP Notice:  Undefined index: address in /var/www/html/module2-C0219G1/session2/loc-danh-sach-khach-hang/index.php on line 76, referer: http://localhost/module2-C0219G1/session2/loc-danh-sach-khach-hang/
[Fri Apr 05 15:10:28.561713 2019] [php7:notice] [pid 7627] [client ::1:41434] PHP Notice:  Undefined index: image in /var/www/html/module2-C0219G1/session2/loc-danh-sach-khach-hang/index.php on line 78, referer: http://localhost/module2-C0219G1/session2/loc-danh-sach-khach-hang/
[Fri Apr 05 15:10:28.561716 2019] [php7:notice] [pid 7627] [client ::1:41434] PHP Notice:  Undefined index: name in /var/www/html/module2-C0219G1/session2/loc-danh-sach-khach-hang/index.php on line 74, referer: http://localhost/module2-C0219G1/session2/loc-danh-sach-khach-hang/
[Fri Apr 05 15:10:28.561720 2019] [php7:notice] [pid 7627] [client ::1:41434] PHP Notice:  Undefined index: day_of_birth in /var/www/html/module2-C0219G1/session2/loc-danh-sach-khach-hang/index.php on line 75, referer: http://localhost/module2-C0219G1/session2/loc-danh-sach-khach-hang/
[Fri Apr 05 15:10:28.561731 2019] [php7:notice] [pid 7627] [client ::1:41434] PHP Notice:  Undefined index: address in /var/www/html/module2-C0219G1/session2/loc-danh-sach-khach-hang/index.php on line 76, referer: http://localhost/module2-C0219G1/session2/loc-danh-sach-khach-hang/
[Fri Apr 05 15:10:28.561735 2019] [php7:notice] [pid 7627] [client ::1:41434] PHP Notice:  Undefined index: image in /var/www/html/module2-C0219G1/session2/loc-danh-sach-khach-hang/index.php on line 78, referer: http://localhost/module2-C0219G1/session2/loc-danh-sach-khach-hang/
